C51 COMPILER V9.57.0.0   MAIN                                                              03/18/2020 22:27:54 PAGE 1   


C51 COMPILER V9.57.0.0, COMPILATION OF MODULE MAIN
NO OBJECT MODULE REQUESTED
COMPILER INVOKED BY: G:\Keil_v5\C51\BIN\C51.EXE main.c OMF2 ROM(SMALL) OPTIMIZE(8,SPEED) BROWSE DEBUG PRINT(.\Listings\m
                    -ain.lst) TABS(2) SRC(.\Objects\main.SRC)

line level    source

   1          #include <REGX51.H>
   2          void main(void)
   3          {
   4   1          
   5   1       P2 = 1;
   6   1        
   7   1                        
   8   1          #pragma asm    
   9   1          MOV R7,#10
  10   1          DEL:
  11   1          MOV  R6,#20
  12   1          DJNZ R6,$
  13   1          DJNZ R7,DEL;
  14   1          LJMP main
  15   1          #pragma endasm
  16   1          P2 = 0;
  17   1          //while(1);
  18   1          
  19   1          
  20   1          
  21   1          
  22   1      }


MODULE INFORMATION:   STATIC OVERLAYABLE
   CODE SIZE        =     25    ----
   CONSTANT SIZE    =   ----    ----
   XDATA SIZE       =   ----    ----
   PDATA SIZE       =   ----    ----
   DATA SIZE        =   ----    ----
   IDATA SIZE       =   ----    ----
   BIT SIZE         =   ----    ----
   EDATA SIZE       =   ----    ----
   HDATA SIZE       =   ----    ----
   XDATA CONST SIZE =   ----    ----
   FAR CONST SIZE   =   ----    ----
END OF MODULE INFORMATION.


C51 COMPILATION COMPLETE.  0 WARNING(S),  0 ERROR(S)
