AX51 MACRO ASSEMBLER  A_CFUNC                                                               03/18/20 21:33:02 PAGE     1


MACRO ASSEMBLER AX51 V3.15.3.0
OBJECT MODULE PLACED IN .\Objects\a_cfunc.obj
ASSEMBLER INVOKED BY: G:\Keil_v5\C51\BIN\AX51.EXE a_cfunc.a51 SET(SMALL) DEBUG PRINT(.\Listings\a_cfunc.lst) OBJECT(.\Ob
                      jects\a_cfunc.obj) EP

LOC    OBJ             LINE     SOURCE

                          1     ; a_cfunc.a51 generated from: main.c
                          2     ; COMPILER INVOKED BY:
                          3     ;        G:\Keil_v5\C51\BIN\C51.EXE main.c OMF2 OPTIMIZE(8,SPEED) BROWSE DEBUG PRINT(.\L
                               istings\main.lst) OBJECT(.\Objects\main.obj)
                          4     
                          5     
                          6     NAME    MAIN
                          7     
------                    8     ?PR?_A_FUNC?MAIN     SEGMENT CODE 
                          9             EXTRN   CODE (_C_FUNC)
                         10             EXTRN   CODE (?C?ISTPTR)
                         11             PUBLIC  _A_FUNC
                         12     ; #pragma src(a_cfunc.a51) small
                         13     ; 
                         14     ; extern void C_FUNC(int *Ptr);
                         15     ; void A_FUNC(int *Ptr)
                         16     
------                   17             RSEG  ?PR?_A_FUNC?MAIN
000000                   18     _A_FUNC:
                         19             USING   0
                         20                             ; SOURCE LINE # 4
                         21     ;---- Variable 'Ptr?040' assigned to Register 'R1/R2/R3' ----
                         22     ; {
                         23                             ; SOURCE LINE # 5
                         24     ; *Ptr = 0x1122;
                         25                             ; SOURCE LINE # 6
000000 7411              26             MOV     A,#011H
000002 75F022            27             MOV     B,#022H
000005 120000     E      28             LCALL   ?C?ISTPTR
                         29     ;     C_FUNC(Ptr);
                         30                             ; SOURCE LINE # 7
000008 020000     E      31             LJMP    _C_FUNC
                         32     ; END OF _A_FUNC
                         33     
                         34             END
AX51 MACRO ASSEMBLER  A_CFUNC                                                               03/18/20 21:33:02 PAGE     2

SYMBOL TABLE LISTING
------ ----- -------


N A M E                           T Y P E  V A L U E     ATTRIBUTES

?C?ISTPTR. . . . . . . . . . . .  C  ADDR  -------       EXT
?PR?_A_FUNC?MAIN . . . . . . . .  C  SEG   00000BH       REL=UNIT, ALN=BYTE
_A_FUNC. . . . . . . . . . . . .  C  ADDR  0000H     R   SEG=?PR?_A_FUNC?MAIN
_C_FUNC. . . . . . . . . . . . .  C  ADDR  -------       EXT
B. . . . . . . . . . . . . . . .  D  ADDR  00F0H     A   
MAIN . . . . . . . . . . . . . .  -- ----  -------       


REGISTER BANK(S) USED: 0 


ASSEMBLY COMPLETE.  0 WARNING(S), 0 ERROR(S).
